<?xml version="1.0" encoding="UTF-8"?>
<coverage generated="1538679489299" clover="3.2.0">
  <project timestamp="1538679489299" name="All files">
    <metrics statements="25" coveredstatements="25" conditionals="29" coveredconditionals="29" methods="7" coveredmethods="7" elements="61" coveredelements="61" complexity="0" loc="25" ncloc="25" packages="1" files="1" classes="1">
      <file name="arithmetic.js" path="/Users/kevin/codefellows/401/labs/lab-01/lib/arithmetic.js">
        <metrics statements="25" coveredstatements="25" conditionals="29" coveredconditionals="29" methods="7" coveredmethods="7"/>
        <line num="3" count="1" type="stmt"/>
        <line num="5" count="1" type="stmt"/>
        <line num="6" count="4" type="cond" truecount="4" falsecount="0"/>
        <line num="7" count="3" type="stmt"/>
        <line num="8" count="10" type="cond" truecount="4" falsecount="0"/>
        <line num="9" count="2" type="stmt"/>
        <line num="11" count="8" type="stmt"/>
        <line num="14" count="3" type="stmt"/>
        <line num="17" count="1" type="stmt"/>
        <line num="18" count="4" type="cond" truecount="4" falsecount="0"/>
        <line num="19" count="3" type="stmt"/>
        <line num="20" count="7" type="cond" truecount="4" falsecount="0"/>
        <line num="21" count="2" type="stmt"/>
        <line num="23" count="5" type="stmt"/>
        <line num="26" count="3" type="stmt"/>
        <line num="29" count="1" type="stmt"/>
        <line num="30" count="4" type="cond" truecount="4" falsecount="0"/>
        <line num="31" count="3" type="stmt"/>
        <line num="32" count="9" type="cond" truecount="4" falsecount="0"/>
        <line num="33" count="2" type="stmt"/>
        <line num="35" count="7" type="stmt"/>
        <line num="38" count="3" type="stmt"/>
        <line num="41" count="1" type="stmt"/>
        <line num="42" count="4" type="cond" truecount="5" falsecount="0"/>
        <line num="43" count="1" type="stmt"/>
      </file>
    </metrics>
  </project>
</coverage>
