<?xml version="1.0" encoding="UTF-8"?>
<coverage generated="1538675975948" clover="3.2.0">
  <project timestamp="1538675975948" name="All files">
    <metrics statements="21" coveredstatements="21" conditionals="25" coveredconditionals="25" methods="6" coveredmethods="6" elements="52" coveredelements="52" complexity="0" loc="21" ncloc="21" packages="1" files="1" classes="1">
      <file name="arithmetic.js" path="/Users/kevin/codefellows/401/labs/lab-01/lib/arithmetic.js">
        <metrics statements="21" coveredstatements="21" conditionals="25" coveredconditionals="25" methods="6" coveredmethods="6"/>
        <line num="3" count="1" type="stmt"/>
        <line num="5" count="1" type="stmt"/>
        <line num="6" count="3" type="cond" truecount="4" falsecount="0"/>
        <line num="7" count="2" type="stmt"/>
        <line num="8" count="6" type="cond" truecount="4" falsecount="0"/>
        <line num="9" count="2" type="stmt"/>
        <line num="11" count="4" type="stmt"/>
        <line num="14" count="2" type="stmt"/>
        <line num="22" count="1" type="stmt"/>
        <line num="23" count="4" type="cond" truecount="4" falsecount="0"/>
        <line num="24" count="3" type="stmt"/>
        <line num="25" count="7" type="cond" truecount="4" falsecount="0"/>
        <line num="26" count="2" type="stmt"/>
        <line num="28" count="5" type="stmt"/>
        <line num="31" count="3" type="stmt"/>
        <line num="34" count="1" type="stmt"/>
        <line num="35" count="3" type="cond" truecount="4" falsecount="0"/>
        <line num="36" count="1" type="stmt"/>
        <line num="39" count="1" type="stmt"/>
        <line num="40" count="4" type="cond" truecount="5" falsecount="0"/>
        <line num="41" count="1" type="stmt"/>
      </file>
    </metrics>
  </project>
</coverage>
