{"/Users/kevin/codefellows/401/labs/lab-01/lib/arithmetic.js": {"path":"/Users/kevin/codefellows/401/labs/lab-01/lib/arithmetic.js","statementMap":{"0":{"start":{"line":3,"column":17},"end":{"line":3,"column":36}},"1":{"start":{"line":5,"column":0},"end":{"line":15,"column":2}},"2":{"start":{"line":6,"column":2},"end":{"line":6,"column":64}},"3":{"start":{"line":6,"column":50},"end":{"line":6,"column":62}},"4":{"start":{"line":7,"column":12},"end":{"line":13,"column":7}},"5":{"start":{"line":8,"column":4},"end":{"line":12,"column":5}},"6":{"start":{"line":9,"column":6},"end":{"line":9,"column":18}},"7":{"start":{"line":11,"column":6},"end":{"line":11,"column":35}},"8":{"start":{"line":14,"column":2},"end":{"line":14,"column":13}},"9":{"start":{"line":17,"column":0},"end":{"line":27,"column":2}},"10":{"start":{"line":18,"column":2},"end":{"line":18,"column":64}},"11":{"start":{"line":18,"column":50},"end":{"line":18,"column":62}},"12":{"start":{"line":19,"column":12},"end":{"line":25,"column":4}},"13":{"start":{"line":20,"column":4},"end":{"line":24,"column":5}},"14":{"start":{"line":21,"column":6},"end":{"line":21,"column":18}},"15":{"start":{"line":23,"column":6},"end":{"line":23,"column":35}},"16":{"start":{"line":26,"column":2},"end":{"line":26,"column":13}},"17":{"start":{"line":29,"column":0},"end":{"line":39,"column":2}},"18":{"start":{"line":30,"column":2},"end":{"line":30,"column":64}},"19":{"start":{"line":30,"column":50},"end":{"line":30,"column":62}},"20":{"start":{"line":31,"column":19},"end":{"line":37,"column":7}},"21":{"start":{"line":32,"column":4},"end":{"line":36,"column":5}},"22":{"start":{"line":33,"column":6},"end":{"line":33,"column":18}},"23":{"start":{"line":35,"column":6},"end":{"line":35,"column":35}},"24":{"start":{"line":38,"column":2},"end":{"line":38,"column":20}},"25":{"start":{"line":41,"column":0},"end":{"line":44,"column":2}},"26":{"start":{"line":42,"column":2},"end":{"line":42,"column":81}},"27":{"start":{"line":42,"column":67},"end":{"line":42,"column":79}},"28":{"start":{"line":43,"column":2},"end":{"line":43,"column":13}}},"fnMap":{"0":{"name":"(anonymous_0)","decl":{"start":{"line":5,"column":17},"end":{"line":5,"column":18}},"loc":{"start":{"line":5,"column":29},"end":{"line":15,"column":1}},"line":5},"1":{"name":"(anonymous_1)","decl":{"start":{"line":7,"column":21},"end":{"line":7,"column":22}},"loc":{"start":{"line":7,"column":52},"end":{"line":13,"column":3}},"line":7},"2":{"name":"(anonymous_2)","decl":{"start":{"line":17,"column":22},"end":{"line":17,"column":23}},"loc":{"start":{"line":17,"column":34},"end":{"line":27,"column":1}},"line":17},"3":{"name":"(anonymous_3)","decl":{"start":{"line":19,"column":21},"end":{"line":19,"column":22}},"loc":{"start":{"line":19,"column":52},"end":{"line":25,"column":3}},"line":19},"4":{"name":"(anonymous_4)","decl":{"start":{"line":29,"column":22},"end":{"line":29,"column":23}},"loc":{"start":{"line":29,"column":34},"end":{"line":39,"column":1}},"line":29},"5":{"name":"(anonymous_5)","decl":{"start":{"line":31,"column":28},"end":{"line":31,"column":29}},"loc":{"start":{"line":31,"column":59},"end":{"line":37,"column":3}},"line":31},"6":{"name":"(anonymous_6)","decl":{"start":{"line":41,"column":20},"end":{"line":41,"column":21}},"loc":{"start":{"line":41,"column":34},"end":{"line":44,"column":1}},"line":41}},"branchMap":{"0":{"loc":{"start":{"line":6,"column":2},"end":{"line":6,"column":64}},"type":"if","locations":[{"start":{"line":6,"column":2},"end":{"line":6,"column":64}},{"start":{"line":6,"column":2},"end":{"line":6,"column":64}}],"line":6},"1":{"loc":{"start":{"line":6,"column":6},"end":{"line":6,"column":45}},"type":"binary-expr","locations":[{"start":{"line":6,"column":6},"end":{"line":6,"column":29}},{"start":{"line":6,"column":33},"end":{"line":6,"column":45}}],"line":6},"2":{"loc":{"start":{"line":8,"column":4},"end":{"line":12,"column":5}},"type":"if","locations":[{"start":{"line":8,"column":4},"end":{"line":12,"column":5}},{"start":{"line":8,"column":4},"end":{"line":12,"column":5}}],"line":8},"3":{"loc":{"start":{"line":8,"column":8},"end":{"line":8,"column":53}},"type":"binary-expr","locations":[{"start":{"line":8,"column":8},"end":{"line":8,"column":35}},{"start":{"line":8,"column":39},"end":{"line":8,"column":53}}],"line":8},"4":{"loc":{"start":{"line":18,"column":2},"end":{"line":18,"column":64}},"type":"if","locations":[{"start":{"line":18,"column":2},"end":{"line":18,"column":64}},{"start":{"line":18,"column":2},"end":{"line":18,"column":64}}],"line":18},"5":{"loc":{"start":{"line":18,"column":6},"end":{"line":18,"column":45}},"type":"binary-expr","locations":[{"start":{"line":18,"column":6},"end":{"line":18,"column":29}},{"start":{"line":18,"column":33},"end":{"line":18,"column":45}}],"line":18},"6":{"loc":{"start":{"line":20,"column":4},"end":{"line":24,"column":5}},"type":"if","locations":[{"start":{"line":20,"column":4},"end":{"line":24,"column":5}},{"start":{"line":20,"column":4},"end":{"line":24,"column":5}}],"line":20},"7":{"loc":{"start":{"line":20,"column":8},"end":{"line":20,"column":53}},"type":"binary-expr","locations":[{"start":{"line":20,"column":8},"end":{"line":20,"column":35}},{"start":{"line":20,"column":39},"end":{"line":20,"column":53}}],"line":20},"8":{"loc":{"start":{"line":30,"column":2},"end":{"line":30,"column":64}},"type":"if","locations":[{"start":{"line":30,"column":2},"end":{"line":30,"column":64}},{"start":{"line":30,"column":2},"end":{"line":30,"column":64}}],"line":30},"9":{"loc":{"start":{"line":30,"column":6},"end":{"line":30,"column":45}},"type":"binary-expr","locations":[{"start":{"line":30,"column":6},"end":{"line":30,"column":29}},{"start":{"line":30,"column":33},"end":{"line":30,"column":45}}],"line":30},"10":{"loc":{"start":{"line":32,"column":4},"end":{"line":36,"column":5}},"type":"if","locations":[{"start":{"line":32,"column":4},"end":{"line":36,"column":5}},{"start":{"line":32,"column":4},"end":{"line":36,"column":5}}],"line":32},"11":{"loc":{"start":{"line":32,"column":8},"end":{"line":32,"column":53}},"type":"binary-expr","locations":[{"start":{"line":32,"column":8},"end":{"line":32,"column":35}},{"start":{"line":32,"column":39},"end":{"line":32,"column":53}}],"line":32},"12":{"loc":{"start":{"line":42,"column":2},"end":{"line":42,"column":81}},"type":"if","locations":[{"start":{"line":42,"column":2},"end":{"line":42,"column":81}},{"start":{"line":42,"column":2},"end":{"line":42,"column":81}}],"line":42},"13":{"loc":{"start":{"line":42,"column":6},"end":{"line":42,"column":63}},"type":"binary-expr","locations":[{"start":{"line":42,"column":6},"end":{"line":42,"column":27}},{"start":{"line":42,"column":31},"end":{"line":42,"column":52}},{"start":{"line":42,"column":56},"end":{"line":42,"column":63}}],"line":42}},"s":{"0":1,"1":1,"2":4,"3":1,"4":3,"5":10,"6":2,"7":8,"8":3,"9":1,"10":4,"11":1,"12":3,"13":7,"14":2,"15":5,"16":3,"17":1,"18":4,"19":1,"20":3,"21":9,"22":2,"23":7,"24":3,"25":1,"26":4,"27":3,"28":1},"f":{"0":4,"1":10,"2":4,"3":7,"4":4,"5":9,"6":4},"b":{"0":[1,3],"1":[4,4],"2":[2,8],"3":[10,8],"4":[1,3],"5":[4,4],"6":[2,5],"7":[7,5],"8":[1,3],"9":[4,4],"10":[2,7],"11":[9,7],"12":[3,1],"13":[4,4,2]},"_coverageSchema":"332fd63041d2c1bcb487cc26dd0d5f7d97098a6c","hash":"8f951e1c9b92a131921f553ade9de5775610eac2"}
}
