{"/Users/kevin/codefellows/401/labs/lab-01/lib/arithmetic.js": {"path":"/Users/kevin/codefellows/401/labs/lab-01/lib/arithmetic.js","statementMap":{"0":{"start":{"line":3,"column":17},"end":{"line":3,"column":36}},"1":{"start":{"line":5,"column":0},"end":{"line":15,"column":2}},"2":{"start":{"line":6,"column":2},"end":{"line":6,"column":64}},"3":{"start":{"line":6,"column":50},"end":{"line":6,"column":62}},"4":{"start":{"line":7,"column":12},"end":{"line":13,"column":7}},"5":{"start":{"line":8,"column":4},"end":{"line":12,"column":5}},"6":{"start":{"line":9,"column":6},"end":{"line":9,"column":18}},"7":{"start":{"line":11,"column":6},"end":{"line":11,"column":29}},"8":{"start":{"line":14,"column":2},"end":{"line":14,"column":13}},"9":{"start":{"line":22,"column":0},"end":{"line":32,"column":2}},"10":{"start":{"line":23,"column":2},"end":{"line":23,"column":64}},"11":{"start":{"line":23,"column":50},"end":{"line":23,"column":62}},"12":{"start":{"line":24,"column":12},"end":{"line":30,"column":4}},"13":{"start":{"line":25,"column":4},"end":{"line":29,"column":5}},"14":{"start":{"line":26,"column":6},"end":{"line":26,"column":18}},"15":{"start":{"line":28,"column":6},"end":{"line":28,"column":35}},"16":{"start":{"line":31,"column":2},"end":{"line":31,"column":13}},"17":{"start":{"line":34,"column":0},"end":{"line":37,"column":2}},"18":{"start":{"line":35,"column":2},"end":{"line":35,"column":71}},"19":{"start":{"line":35,"column":57},"end":{"line":35,"column":69}},"20":{"start":{"line":36,"column":2},"end":{"line":36,"column":13}},"21":{"start":{"line":39,"column":0},"end":{"line":42,"column":2}},"22":{"start":{"line":40,"column":2},"end":{"line":40,"column":81}},"23":{"start":{"line":40,"column":67},"end":{"line":40,"column":79}},"24":{"start":{"line":41,"column":2},"end":{"line":41,"column":13}}},"fnMap":{"0":{"name":"(anonymous_0)","decl":{"start":{"line":5,"column":17},"end":{"line":5,"column":18}},"loc":{"start":{"line":5,"column":29},"end":{"line":15,"column":1}},"line":5},"1":{"name":"(anonymous_1)","decl":{"start":{"line":7,"column":21},"end":{"line":7,"column":22}},"loc":{"start":{"line":7,"column":46},"end":{"line":13,"column":3}},"line":7},"2":{"name":"(anonymous_2)","decl":{"start":{"line":22,"column":22},"end":{"line":22,"column":23}},"loc":{"start":{"line":22,"column":34},"end":{"line":32,"column":1}},"line":22},"3":{"name":"(anonymous_3)","decl":{"start":{"line":24,"column":21},"end":{"line":24,"column":22}},"loc":{"start":{"line":24,"column":52},"end":{"line":30,"column":3}},"line":24},"4":{"name":"(anonymous_4)","decl":{"start":{"line":34,"column":22},"end":{"line":34,"column":23}},"loc":{"start":{"line":34,"column":36},"end":{"line":37,"column":1}},"line":34},"5":{"name":"(anonymous_5)","decl":{"start":{"line":39,"column":20},"end":{"line":39,"column":21}},"loc":{"start":{"line":39,"column":34},"end":{"line":42,"column":1}},"line":39}},"branchMap":{"0":{"loc":{"start":{"line":6,"column":2},"end":{"line":6,"column":64}},"type":"if","locations":[{"start":{"line":6,"column":2},"end":{"line":6,"column":64}},{"start":{"line":6,"column":2},"end":{"line":6,"column":64}}],"line":6},"1":{"loc":{"start":{"line":6,"column":6},"end":{"line":6,"column":45}},"type":"binary-expr","locations":[{"start":{"line":6,"column":6},"end":{"line":6,"column":29}},{"start":{"line":6,"column":33},"end":{"line":6,"column":45}}],"line":6},"2":{"loc":{"start":{"line":8,"column":4},"end":{"line":12,"column":5}},"type":"if","locations":[{"start":{"line":8,"column":4},"end":{"line":12,"column":5}},{"start":{"line":8,"column":4},"end":{"line":12,"column":5}}],"line":8},"3":{"loc":{"start":{"line":8,"column":8},"end":{"line":8,"column":53}},"type":"binary-expr","locations":[{"start":{"line":8,"column":8},"end":{"line":8,"column":35}},{"start":{"line":8,"column":39},"end":{"line":8,"column":53}}],"line":8},"4":{"loc":{"start":{"line":23,"column":2},"end":{"line":23,"column":64}},"type":"if","locations":[{"start":{"line":23,"column":2},"end":{"line":23,"column":64}},{"start":{"line":23,"column":2},"end":{"line":23,"column":64}}],"line":23},"5":{"loc":{"start":{"line":23,"column":6},"end":{"line":23,"column":45}},"type":"binary-expr","locations":[{"start":{"line":23,"column":6},"end":{"line":23,"column":29}},{"start":{"line":23,"column":33},"end":{"line":23,"column":45}}],"line":23},"6":{"loc":{"start":{"line":25,"column":4},"end":{"line":29,"column":5}},"type":"if","locations":[{"start":{"line":25,"column":4},"end":{"line":29,"column":5}},{"start":{"line":25,"column":4},"end":{"line":29,"column":5}}],"line":25},"7":{"loc":{"start":{"line":25,"column":8},"end":{"line":25,"column":53}},"type":"binary-expr","locations":[{"start":{"line":25,"column":8},"end":{"line":25,"column":35}},{"start":{"line":25,"column":39},"end":{"line":25,"column":53}}],"line":25},"8":{"loc":{"start":{"line":35,"column":2},"end":{"line":35,"column":71}},"type":"if","locations":[{"start":{"line":35,"column":2},"end":{"line":35,"column":71}},{"start":{"line":35,"column":2},"end":{"line":35,"column":71}}],"line":35},"9":{"loc":{"start":{"line":35,"column":6},"end":{"line":35,"column":52}},"type":"binary-expr","locations":[{"start":{"line":35,"column":6},"end":{"line":35,"column":27}},{"start":{"line":35,"column":31},"end":{"line":35,"column":52}}],"line":35},"10":{"loc":{"start":{"line":40,"column":2},"end":{"line":40,"column":81}},"type":"if","locations":[{"start":{"line":40,"column":2},"end":{"line":40,"column":81}},{"start":{"line":40,"column":2},"end":{"line":40,"column":81}}],"line":40},"11":{"loc":{"start":{"line":40,"column":6},"end":{"line":40,"column":63}},"type":"binary-expr","locations":[{"start":{"line":40,"column":6},"end":{"line":40,"column":27}},{"start":{"line":40,"column":31},"end":{"line":40,"column":52}},{"start":{"line":40,"column":56},"end":{"line":40,"column":63}}],"line":40}},"s":{"0":1,"1":1,"2":3,"3":1,"4":2,"5":6,"6":2,"7":4,"8":2,"9":1,"10":4,"11":1,"12":3,"13":7,"14":2,"15":5,"16":3,"17":1,"18":3,"19":2,"20":1,"21":1,"22":4,"23":3,"24":1},"f":{"0":3,"1":6,"2":4,"3":7,"4":3,"5":4},"b":{"0":[1,2],"1":[3,3],"2":[2,4],"3":[6,4],"4":[1,3],"5":[4,4],"6":[2,5],"7":[7,5],"8":[2,1],"9":[3,3],"10":[3,1],"11":[4,4,2]},"_coverageSchema":"332fd63041d2c1bcb487cc26dd0d5f7d97098a6c","hash":"1a89bfeef0e2197b46f4d194cb31f7a5999a3979"}
}
