TN:
SF:/Users/kevin/codefellows/401/labs/lab-01/lib/arithmetic.js
FN:5,(anonymous_0)
FN:7,(anonymous_1)
FN:22,(anonymous_2)
FN:24,(anonymous_3)
FN:34,(anonymous_4)
FN:39,(anonymous_5)
FNF:6
FNH:6
FNDA:3,(anonymous_0)
FNDA:6,(anonymous_1)
FNDA:4,(anonymous_2)
FNDA:7,(anonymous_3)
FNDA:3,(anonymous_4)
FNDA:4,(anonymous_5)
DA:3,1
DA:5,1
DA:6,3
DA:7,2
DA:8,6
DA:9,2
DA:11,4
DA:14,2
DA:22,1
DA:23,4
DA:24,3
DA:25,7
DA:26,2
DA:28,5
DA:31,3
DA:34,1
DA:35,3
DA:36,1
DA:39,1
DA:40,4
DA:41,1
LF:21
LH:21
BRDA:6,0,0,1
BRDA:6,0,1,2
BRDA:6,1,0,3
BRDA:6,1,1,3
BRDA:8,2,0,2
BRDA:8,2,1,4
BRDA:8,3,0,6
BRDA:8,3,1,4
BRDA:23,4,0,1
BRDA:23,4,1,3
BRDA:23,5,0,4
BRDA:23,5,1,4
BRDA:25,6,0,2
BRDA:25,6,1,5
BRDA:25,7,0,7
BRDA:25,7,1,5
BRDA:35,8,0,2
BRDA:35,8,1,1
BRDA:35,9,0,3
BRDA:35,9,1,3
BRDA:40,10,0,3
BRDA:40,10,1,1
BRDA:40,11,0,4
BRDA:40,11,1,4
BRDA:40,11,2,2
BRF:25
BRH:25
end_of_record
