TN:
SF:/Users/kevin/codefellows/401/labs/lab-01/lib/arithmetic.js
FN:5,(anonymous_0)
FN:7,(anonymous_1)
FN:17,(anonymous_2)
FN:19,(anonymous_3)
FN:29,(anonymous_4)
FN:31,(anonymous_5)
FN:41,(anonymous_6)
FN:48,numCheck
FN:52,inputArrayCheck
FNF:9
FNH:9
FNDA:4,(anonymous_0)
FNDA:10,(anonymous_1)
FNDA:4,(anonymous_2)
FNDA:7,(anonymous_3)
FNDA:4,(anonymous_4)
FNDA:9,(anonymous_5)
FNDA:4,(anonymous_6)
FNDA:34,numCheck
FNDA:12,inputArrayCheck
DA:3,1
DA:5,1
DA:6,4
DA:7,3
DA:8,10
DA:9,2
DA:11,8
DA:14,3
DA:17,1
DA:18,4
DA:19,3
DA:20,7
DA:21,2
DA:23,5
DA:26,3
DA:29,1
DA:30,4
DA:31,3
DA:32,9
DA:33,2
DA:35,7
DA:38,3
DA:41,1
DA:42,4
DA:43,3
DA:44,1
DA:49,34
DA:53,12
LF:28
LH:28
BRDA:6,0,0,1
BRDA:6,0,1,3
BRDA:8,1,0,2
BRDA:8,1,1,8
BRDA:18,2,0,1
BRDA:18,2,1,3
BRDA:20,3,0,2
BRDA:20,3,1,5
BRDA:30,4,0,1
BRDA:30,4,1,3
BRDA:32,5,0,2
BRDA:32,5,1,7
BRDA:42,6,0,3
BRDA:42,6,1,1
BRDA:42,7,0,4
BRDA:42,7,1,4
BRDA:42,7,2,2
BRDA:49,8,0,8
BRDA:49,8,1,26
BRDA:49,9,0,34
BRDA:49,9,1,26
BRDA:53,10,0,3
BRDA:53,10,1,9
BRDA:53,11,0,12
BRDA:53,11,1,12
BRF:25
BRH:25
end_of_record
